This is pdfTeX, Version 3.14159265-2.6-1.40.21 (TeX Live 2020) (preloaded format=pdflatex 2020.4.7)  21 OCT 2020 19:59
entering extended mode
 restricted \write18 enabled.
 %&-line parsing enabled.
**biomtemplate.tex
(./biomtemplate.tex
LaTeX2e <2020-02-02> patch level 5
L3 programming layer <2020-03-06> (./biom.cls
Document Class: biom 2006/12/12 v2.2 LaTeX2e Biom document class
Document Style `Biom' v1.0, released 2006 December 12
\math@groups=\toks15
LaTeX Font Info:    Overwriting symbol font `symbols' in version `bold'
(Font)                  OMS/cmsy/b/n --> OMS/cmsy/b/n on input line 236.
\symUPM=\mathgroup4
LaTeX Font Info:    Overwriting symbol font `UPM' in version `bold'
(Font)                  U/eur/m/n --> U/eur/b/n on input line 273.
\symAMSa=\mathgroup5
\SFB@measure=\dimen134
\realparindent=\skip47
\c@part=\count167
\c@section=\count168
\c@subsection=\count169
\c@subsubsection=\count170
\c@paragraph=\count171
\c@subparagraph=\count172
\c@discounter=\count173
\@topalign=\dimen135
\Verticalskip=\dimen136
\@partialpageht=\dimen137
\store@outputbox=\box45
\storedboxheight=\dimen138
\@indentskip=\skip48
\smallindent=\skip49
\@footindent=\skip50
\@leftskip=\skip51
\absbox=\box46
\keywdbox=\box47
\c@emailcnt=\count174
\c@emailxcnt=\count175
\tempcount=\count176
\c@dummy=\count177
\c@table=\count178
\c@figure=\count179
\bibhang=\skip52
\mathindent=\dimen139
(/usr/local/texlive/2020/texmf-dist/tex/latex/tools/theorem.sty
Package: theorem 2014/10/28 v2.2c Theorem extension package (FMi)
\theorem@style=\toks16
\theorem@bodyfont=\toks17
\theorempreskipamount=\skip53
\theorempostskipamount=\skip54

(/usr/local/texlive/2020/texmf-dist/tex/latex/tools/thp.sty
File: thp.sty 2014/10/28 v2.2c Theorem extension package (FMi)
))
\c@theorem=\count180
\c@theorem=\count181
\c@corollary=\count182
\c@fact=\count183
\c@property=\count184
\c@result=\count185
\c@lemma=\count186
\c@assumption=\count187
\c@case=\count188
\c@axiom=\count189
\c@change=\count190
\c@claim=\count191
\c@conjecture=\count192
\c@definition=\count193
\c@example=\count194
\c@formula=\count195
\c@hypothesis=\count196
\c@method=\count197
\c@model=\count198
\c@notation=\count199
\c@note=\count266
\c@objective=\count267
\c@observation=\count268
\c@principle=\count269
\c@problem=\count270
\c@procedure=\count271
\c@remark=\count272
\c@step=\count273
\theorempreskipamount=\skip55
\theorempostskipamount=\skip56

(/usr/local/texlive/2020/texmf-dist/tex/latex/endfloat/endfloat.sty
Package: endfloat 2019/04/15 v2.7 LaTeX2e package puts figures and tables at en
d (jdm)

(/usr/local/texlive/2020/texmf-dist/tex/latex/graphics/keyval.sty
Package: keyval 2014/10/28 v1.15 key=value parser (DPC)
\KV@toks@=\toks18
)
\c@postfigure=\count274
\efloat@postfff=\write3
\@ef@fffopen=\count275
\c@posttable=\count276
\efloat@postttt=\write4
\@ef@tttopen=\count277
))
(/usr/local/texlive/2020/texmf-dist/tex/latex/l3backend/l3backend-pdfmode.def
File: l3backend-pdfmode.def 2020-03-12 L3 backend support: PDF mode
\l__kernel_color_stack_int=\count278
\l__pdf_internal_box=\box48
)
(./biomtemplate.aux

LaTeX Warning: Label ` ' multiply defined.

)
\openout1 = `biomtemplate.aux'.

LaTeX Font Info:    Checking defaults for OML/cmm/m/it on input line 144.
LaTeX Font Info:    ... okay on input line 144.
LaTeX Font Info:    Checking defaults for OMS/cmsy/m/n on input line 144.
LaTeX Font Info:    ... okay on input line 144.
LaTeX Font Info:    Checking defaults for OT1/cmr/m/n on input line 144.
LaTeX Font Info:    ... okay on input line 144.
LaTeX Font Info:    Checking defaults for T1/cmr/m/n on input line 144.
LaTeX Font Info:    ... okay on input line 144.
LaTeX Font Info:    Checking defaults for TS1/cmr/m/n on input line 144.
LaTeX Font Info:    ... okay on input line 144.
LaTeX Font Info:    Checking defaults for OMX/cmex/m/n on input line 144.
LaTeX Font Info:    ... okay on input line 144.
LaTeX Font Info:    Checking defaults for U/cmr/m/n on input line 144.
LaTeX Font Info:    ... okay on input line 144.
 (./endrotfloat.sty
Package: endrotfloat 2007/01/23 v1.0 LaTeX2e package puts sideways figures and 
tables at end
)
LaTeX Font Info:    External font `cmex10' loaded for size
(Font)              <7> on input line 202.
LaTeX Font Info:    External font `cmex10' loaded for size
(Font)              <5> on input line 202.
LaTeX Font Info:    Trying to load font information for U+eur on input line 202
.

(/usr/local/texlive/2020/texmf-dist/tex/latex/amsfonts/ueur.fd
File: ueur.fd 2013/01/14 v3.01 Euler Roman
)
LaTeX Font Info:    Trying to load font information for U+msa on input line 202
.

(/usr/local/texlive/2020/texmf-dist/tex/latex/amsfonts/umsa.fd
File: umsa.fd 2013/01/14 v3.01 AMS symbols A
)
Overfull \hbox (18.69043pt too wide) in paragraph at lines 202--202
 [][] 
 []

LaTeX Font Info:    External font `cmex10' loaded for size
(Font)              <12> on input line 202.
LaTeX Font Info:    External font `cmex10' loaded for size
(Font)              <8> on input line 202.
LaTeX Font Info:    External font `cmex10' loaded for size
(Font)              <6> on input line 202.

Overfull \vbox (11.50003pt too high) has occurred while \output is active []


[1{/usr/local/texlive/2020/texmf-var/fonts/map/pdftex/updmap/pdftex.map}

]
Underfull \vbox (badness 6380) has occurred while \output is active []


Overfull \hbox (4.62497pt too wide) has occurred while \output is active
\OT1/cmr/m/n/9 1
 []

[1

]
\openout4 = `biomtemplate.ttt'.

 (biomtemplate.ttt)
Underfull \vbox (badness 1817) has occurred while \output is active []


Overfull \hbox (4.62497pt too wide) has occurred while \output is active
\OT1/cmr/m/n/9 2
 []

[2] AED endfloat: Processing end Figures and Tables
Overfull \hbox (4.62497pt too wide) has occurred while \output is active
\OT1/cmr/m/n/9 3
 []

[3] (./biomtemplate.ttt)
Overfull \hbox (4.62497pt too wide) has occurred while \output is active
\OT1/cmr/m/n/9 4
 []

[4] (./biomtemplate.aux)

LaTeX Warning: There were multiply-defined labels.

 ) 
Here is how much of TeX's memory you used:
 1171 strings out of 480608
 15690 string characters out of 5903631
 252448 words of memory out of 5000000
 17080 multiletter control sequences out of 15000+600000
 547616 words of font info for 77 fonts, out of 8000000 for 9000
 1141 hyphenation exceptions out of 8191
 33i,8n,27p,174b,374s stack positions out of 5000i,500n,10000p,200000b,80000s
</usr/local/texlive/2020/texmf-dist/fonts/type1/public/amsfonts/cm/cmbx10.pfb
></usr/local/texlive/2020/texmf-dist/fonts/type1/public/amsfonts/cm/cmbx12.pfb>
</usr/local/texlive/2020/texmf-dist/fonts/type1/public/amsfonts/cm/cmbx9.pfb></
usr/local/texlive/2020/texmf-dist/fonts/type1/public/amsfonts/cm/cmcsc10.pfb></
usr/local/texlive/2020/texmf-dist/fonts/type1/public/amsfonts/cm/cmmi12.pfb></u
sr/local/texlive/2020/texmf-dist/fonts/type1/public/amsfonts/cm/cmmi8.pfb></usr
/local/texlive/2020/texmf-dist/fonts/type1/public/amsfonts/cm/cmmib10.pfb></usr
/local/texlive/2020/texmf-dist/fonts/type1/public/amsfonts/cm/cmr10.pfb></usr/l
ocal/texlive/2020/texmf-dist/fonts/type1/public/amsfonts/cm/cmr12.pfb></usr/loc
al/texlive/2020/texmf-dist/fonts/type1/public/amsfonts/cm/cmr8.pfb></usr/local/
texlive/2020/texmf-dist/fonts/type1/public/amsfonts/cm/cmr9.pfb></usr/local/tex
live/2020/texmf-dist/fonts/type1/public/amsfonts/cm/cmsy10.pfb></usr/local/texl
ive/2020/texmf-dist/fonts/type1/public/amsfonts/cm/cmti10.pfb></usr/local/texli
ve/2020/texmf-dist/fonts/type1/public/amsfonts/cm/cmti12.pfb></usr/local/texliv
e/2020/texmf-dist/fonts/type1/public/amsfonts/cm/cmti9.pfb></usr/local/texlive/
2020/texmf-dist/fonts/type1/public/amsfonts/cm/cmtt12.pfb>
Output written on biomtemplate.pdf (5 pages, 182909 bytes).
PDF statistics:
 84 PDF objects out of 1000 (max. 8388607)
 60 compressed objects within 1 object stream
 0 named destinations out of 1000 (max. 500000)
 1 words of extra memory for PDF output out of 10000 (max. 10000000)

