This is pdfTeX, Version 3.14159265-2.6-1.40.21 (TeX Live 2020) (preloaded format=pdflatex 2020.4.7)  4 SEP 2020 17:16
entering extended mode
 restricted \write18 enabled.
 %&-line parsing enabled.
**biomsample_bib.tex
(./biomsample_bib.tex
LaTeX2e <2020-02-02> patch level 5
L3 programming layer <2020-03-06> (./biom.cls
Document Class: biom 2006/12/12 v2.2 LaTeX2e Biom document class
Document Style `Biom' v1.0, released 2006 December 12
\math@groups=\toks15
LaTeX Font Info:    Overwriting symbol font `symbols' in version `bold'
(Font)                  OMS/cmsy/b/n --> OMS/cmsy/b/n on input line 236.
\symUPM=\mathgroup4
LaTeX Font Info:    Overwriting symbol font `UPM' in version `bold'
(Font)                  U/eur/m/n --> U/eur/b/n on input line 273.
\symAMSa=\mathgroup5
\SFB@measure=\dimen134
\realparindent=\skip47
\c@part=\count167
\c@section=\count168
\c@subsection=\count169
\c@subsubsection=\count170
\c@paragraph=\count171
\c@subparagraph=\count172
\c@discounter=\count173
\@topalign=\dimen135
\Verticalskip=\dimen136
\@partialpageht=\dimen137
\store@outputbox=\box45
\storedboxheight=\dimen138
\@indentskip=\skip48
\smallindent=\skip49
\@footindent=\skip50
\@leftskip=\skip51
\absbox=\box46
\keywdbox=\box47
\c@emailcnt=\count174
\c@emailxcnt=\count175
\tempcount=\count176
(/usr/local/texlive/2020/texmf-dist/tex/latex/natbib/natbib.sty
Package: natbib 2010/09/13 8.31b (PWD, AO)
\bibhang=\skip52
\bibsep=\skip53
LaTeX Info: Redefining \cite on input line 694.
\c@NAT@ctr=\count177
)
\c@dummy=\count178
\c@table=\count179
\c@figure=\count180
\mathindent=\dimen139

(/usr/local/texlive/2020/texmf-dist/tex/latex/tools/theorem.sty
Package: theorem 2014/10/28 v2.2c Theorem extension package (FMi)
\theorem@style=\toks16
\theorem@bodyfont=\toks17
\theorempreskipamount=\skip54
\theorempostskipamount=\skip55

(/usr/local/texlive/2020/texmf-dist/tex/latex/tools/thp.sty
File: thp.sty 2014/10/28 v2.2c Theorem extension package (FMi)
))
\c@theorem=\count181
\c@theorem=\count182
\c@corollary=\count183
\c@fact=\count184
\c@property=\count185
\c@result=\count186
\c@lemma=\count187
\c@assumption=\count188
\c@case=\count189
\c@axiom=\count190
\c@change=\count191
\c@claim=\count192
\c@conjecture=\count193
\c@definition=\count194
\c@example=\count195
\c@formula=\count196
\c@hypothesis=\count197
\c@method=\count198
\c@model=\count199
\c@notation=\count266
\c@note=\count267
\c@objective=\count268
\c@observation=\count269
\c@principle=\count270
\c@problem=\count271
\c@procedure=\count272
\c@remark=\count273
\c@step=\count274
\theorempreskipamount=\skip56
\theorempostskipamount=\skip57
)
(/usr/local/texlive/2020/texmf-dist/tex/latex/graphics/rotating.sty
Package: rotating 2016/08/11 v2.16d rotated objects in LaTeX

(/usr/local/texlive/2020/texmf-dist/tex/latex/graphics/graphicx.sty
Package: graphicx 2019/11/30 v1.2a Enhanced LaTeX Graphics (DPC,SPQR)

(/usr/local/texlive/2020/texmf-dist/tex/latex/graphics/keyval.sty
Package: keyval 2014/10/28 v1.15 key=value parser (DPC)
\KV@toks@=\toks18
)
(/usr/local/texlive/2020/texmf-dist/tex/latex/graphics/graphics.sty
Package: graphics 2019/11/30 v1.4a Standard LaTeX Graphics (DPC,SPQR)

(/usr/local/texlive/2020/texmf-dist/tex/latex/graphics/trig.sty
Package: trig 2016/01/03 v1.10 sin cos tan (DPC)
)
(/usr/local/texlive/2020/texmf-dist/tex/latex/graphics-cfg/graphics.cfg
File: graphics.cfg 2016/06/04 v1.11 sample graphics configuration
)
Package graphics Info: Driver file: pdftex.def on input line 105.

(/usr/local/texlive/2020/texmf-dist/tex/latex/graphics-def/pdftex.def
File: pdftex.def 2018/01/08 v1.0l Graphics/color driver for pdftex
))
\Gin@req@height=\dimen140
\Gin@req@width=\dimen141
)
(/usr/local/texlive/2020/texmf-dist/tex/latex/base/ifthen.sty
Package: ifthen 2014/09/29 v1.1c Standard LaTeX ifthen package (DPC)
)
\c@r@tfl@t=\count275
\rotFPtop=\skip58
\rotFPbot=\skip59
\rot@float@box=\box48
\rot@mess@toks=\toks19
)
(/usr/local/texlive/2020/texmf-dist/tex/latex/l3backend/l3backend-pdfmode.def
File: l3backend-pdfmode.def 2020-03-12 L3 backend support: PDF mode
\l__kernel_color_stack_int=\count276
\l__pdf_internal_box=\box49
)
(./biomsample_bib.aux)
\openout1 = `biomsample_bib.aux'.

LaTeX Font Info:    Checking defaults for OML/cmm/m/it on input line 59.
LaTeX Font Info:    ... okay on input line 59.
LaTeX Font Info:    Checking defaults for OMS/cmsy/m/n on input line 59.
LaTeX Font Info:    ... okay on input line 59.
LaTeX Font Info:    Checking defaults for OT1/cmr/m/n on input line 59.
LaTeX Font Info:    ... okay on input line 59.
LaTeX Font Info:    Checking defaults for T1/cmr/m/n on input line 59.
LaTeX Font Info:    ... okay on input line 59.
LaTeX Font Info:    Checking defaults for TS1/cmr/m/n on input line 59.
LaTeX Font Info:    ... okay on input line 59.
LaTeX Font Info:    Checking defaults for OMX/cmex/m/n on input line 59.
LaTeX Font Info:    ... okay on input line 59.
LaTeX Font Info:    Checking defaults for U/cmr/m/n on input line 59.
LaTeX Font Info:    ... okay on input line 59.

(/usr/local/texlive/2020/texmf-dist/tex/context/base/mkii/supp-pdf.mkii
[Loading MPS to PDF converter (version 2006.09.02).]
\scratchcounter=\count277
\scratchdimen=\dimen142
\scratchbox=\box50
\nofMPsegments=\count278
\nofMParguments=\count279
\everyMPshowfont=\toks20
\MPscratchCnt=\count280
\MPscratchDim=\dimen143
\MPnumerator=\count281
\makeMPintoPDFobject=\count282
\everyMPtoPDFconversion=\toks21
) (/usr/local/texlive/2020/texmf-dist/tex/latex/epstopdf-pkg/epstopdf-base.sty
Package: epstopdf-base 2020-01-24 v2.11 Base part for package epstopdf
Package epstopdf-base Info: Redefining graphics rule for `.eps' on input line 4
85.

(/usr/local/texlive/2020/texmf-dist/tex/latex/latexconfig/epstopdf-sys.cfg
File: epstopdf-sys.cfg 2010/07/13 v1.3 Configuration of (r)epstopdf for TeX Liv
e
))
LaTeX Font Info:    External font `cmex10' loaded for size
(Font)              <7> on input line 101.
LaTeX Font Info:    External font `cmex10' loaded for size
(Font)              <5> on input line 101.
LaTeX Font Info:    Trying to load font information for U+eur on input line 101
.

(/usr/local/texlive/2020/texmf-dist/tex/latex/amsfonts/ueur.fd
File: ueur.fd 2013/01/14 v3.01 Euler Roman
)
LaTeX Font Info:    Trying to load font information for U+msa on input line 101
.

(/usr/local/texlive/2020/texmf-dist/tex/latex/amsfonts/umsa.fd
File: umsa.fd 2013/01/14 v3.01 AMS symbols A
)
LaTeX Font Info:    External font `cmex10' loaded for size
(Font)              <9> on input line 101.
LaTeX Font Info:    External font `cmex10' loaded for size
(Font)              <6> on input line 101.
LaTeX Font Info:    External font `cmex10' loaded for size
(Font)              <8> on input line 137.

Underfull \vbox (badness 3735) has occurred while \output is active []


Overfull \vbox (3.5pt too high) has occurred while \output is active []

 [1{/usr/local/texlive/2020/texmf-var/fonts/map/pdftex/updmap/pdftex.map}


]
Overfull \hbox (4.62497pt too wide) has occurred while \output is active
\OT1/cmr/m/n/9 2
 []

[2]
Overfull \hbox (258.0pt too wide) in paragraph at lines 361--369
[][] 
 []

Package epstopdf Info: Source file: <mouse.eps>
(epstopdf)                    date: 2020-09-04 15:29:59
(epstopdf)                    size: 5341 bytes
(epstopdf)             Output file: <mouse-eps-converted-to.pdf>
(epstopdf)                    date: 2020-09-04 15:30:14
(epstopdf)                    size: 3341 bytes
(epstopdf)             Command: <repstopdf --outfile=mouse-eps-converted-to.pdf
 mouse.eps>
(epstopdf)             \includegraphics on input line 405.
Package epstopdf Info: Output file is already uptodate.
<mouse-eps-converted-to.pdf, id=29, 151.56625pt x 134.5025pt>
File: mouse-eps-converted-to.pdf Graphic file (type pdf)
<use mouse-eps-converted-to.pdf>
Package pdftex.def Info: mouse-eps-converted-to.pdf  used on input line 405.
(pdftex.def)             Requested size: 162.6075pt x 144.30206pt.

Underfull \hbox (badness 10000) in paragraph at lines 413--416
[]\OT1/cmr/m/n/9 At [] the in-frared sky is char-ac-ter-ized by
 []


Underfull \hbox (badness 10000) in paragraph at lines 413--416
\OT1/cmr/m/n/9 emis-sion, called in-frared cir-rus, from in-ter-stel-lar
 []


Underfull \hbox (badness 5359) in paragraph at lines 413--416
\OT1/cmr/m/n/9 dust on all spa-tial scales (Cor-mack, 1971), thereby
 []


Overfull \hbox (4.62497pt too wide) has occurred while \output is active
\OT1/cmr/m/n/9 3
 []

[3 <./mouse-eps-converted-to.pdf>]
Package epstopdf Info: Source file: <mouse.eps>
(epstopdf)                    date: 2020-09-04 15:29:59
(epstopdf)                    size: 5341 bytes
(epstopdf)             Output file: <mouse-eps-converted-to.pdf>
(epstopdf)                    date: 2020-09-04 15:30:14
(epstopdf)                    size: 3341 bytes
(epstopdf)             Command: <repstopdf --outfile=mouse-eps-converted-to.pdf
 mouse.eps>
(epstopdf)             \includegraphics on input line 504.
Package epstopdf Info: Output file is already uptodate.
File: mouse-eps-converted-to.pdf Graphic file (type pdf)
<use mouse-eps-converted-to.pdf>
Package pdftex.def Info: mouse-eps-converted-to.pdf  used on input line 504.
(pdftex.def)             Requested size: 325.215pt x 288.6062pt.
Package epstopdf Info: Source file: <mouse.eps>
(epstopdf)                    date: 2020-09-04 15:29:59
(epstopdf)                    size: 5341 bytes
(epstopdf)             Output file: <mouse-eps-converted-to.pdf>
(epstopdf)                    date: 2020-09-04 15:30:14
(epstopdf)                    size: 3341 bytes
(epstopdf)             Command: <repstopdf --outfile=mouse-eps-converted-to.pdf
 mouse.eps>
(epstopdf)             \includegraphics on input line 525.
Package epstopdf Info: Output file is already uptodate.
File: mouse-eps-converted-to.pdf Graphic file (type pdf)
<use mouse-eps-converted-to.pdf>
Package pdftex.def Info: mouse-eps-converted-to.pdf  used on input line 525.
(pdftex.def)             Requested size: 144.54pt x 128.26918pt.

Underfull \vbox (badness 10000) has occurred while \output is active []


Overfull \hbox (4.62497pt too wide) has occurred while \output is active
\OT1/cmr/m/n/9 4
 []

[4]
Overfull \hbox (4.62497pt too wide) has occurred while \output is active
\OT1/cmr/m/n/9 5
 []

[5]
Underfull \hbox (badness 1762) in paragraph at lines 619--642
\OT1/cmr/m/n/9 com-po-si-tion, of the grains formed in the cir-cum-stel-lar
 []


Underfull \hbox (badness 3838) in paragraph at lines 619--642
\OT1/cmr/m/n/9 en-ve-lope strongly de-pend on those of the em-bed-ded
 []


Underfull \hbox (badness 10000) in paragraph at lines 619--642
\OT1/cmtt/m/n/9 http://www.duke.edu/$\OMS/cmsy/m/n/9 ^^X$\OT1/cmtt/m/n/9 delon0
01/Biometrics[]tables.pdf\OT1/cmr/m/n/9 .
 []


Underfull \hbox (badness 10000) detected at line 663
\OT1/cmr/m/n/9 1.
 []


Underfull \hbox (badness 10000) detected at line 664
\OT1/cmr/m/n/9 2.
 []


Underfull \hbox (badness 10000) detected at line 665
\OT1/cmr/m/n/9 3.
 []


Overfull \hbox (4.62497pt too wide) has occurred while \output is active
\OT1/cmr/m/n/9 6
 []

[6] (./biomsample_bib.bbl
Underfull \hbox (badness 1616) in paragraph at lines 50--53
[]\OT1/cmr/m/n/9 Breiman, L., Fried-man, J., Ol-shen, R., and Stone, C.
 []

)
Underfull \hbox (badness 1142) in paragraph at lines 711--716
\OT1/cmr/m/n/9 (This ap-pendix was not part of the orig-i-nal pa-per by
 []


Overfull \hbox (4.62497pt too wide) has occurred while \output is active
\OT1/cmr/m/n/9 7
 []

[7]
Overfull \hbox (4.62497pt too wide) has occurred while \output is active
\OT1/cmr/m/n/9 8
 []

[8] (./biomsample_bib.aux) ) 
Here is how much of TeX's memory you used:
 2203 strings out of 480608
 28866 string characters out of 5903631
 287400 words of memory out of 5000000
 18082 multiletter control sequences out of 15000+600000
 544604 words of font info for 67 fonts, out of 8000000 for 9000
 1141 hyphenation exceptions out of 8191
 38i,18n,38p,296b,481s stack positions out of 5000i,500n,10000p,200000b,80000s
</usr/local/texlive/2020/texmf-dist/fonts/type1/pub
lic/amsfonts/cmextra/cmbsy7.pfb></usr/local/texlive/2020/texmf-dist/fonts/type1
/public/amsfonts/cm/cmbx10.pfb></usr/local/texlive/2020/texmf-dist/fonts/type1/
public/amsfonts/cm/cmbx12.pfb></usr/local/texlive/2020/texmf-dist/fonts/type1/p
ublic/amsfonts/cm/cmbx9.pfb></usr/local/texlive/2020/texmf-dist/fonts/type1/pub
lic/amsfonts/cm/cmcsc10.pfb></usr/local/texlive/2020/texmf-dist/fonts/type1/pub
lic/amsfonts/cm/cmex10.pfb></usr/local/texlive/2020/texmf-dist/fonts/type1/publ
ic/amsfonts/cm/cmmi6.pfb></usr/local/texlive/2020/texmf-dist/fonts/type1/public
/amsfonts/cm/cmmi8.pfb></usr/local/texlive/2020/texmf-dist/fonts/type1/public/a
msfonts/cm/cmmi9.pfb></usr/local/texlive/2020/texmf-dist/fonts/type1/public/ams
fonts/cm/cmr10.pfb></usr/local/texlive/2020/texmf-dist/fonts/type1/public/amsfo
nts/cm/cmr5.pfb></usr/local/texlive/2020/texmf-dist/fonts/type1/public/amsfonts
/cm/cmr6.pfb></usr/local/texlive/2020/texmf-dist/fonts/type1/public/amsfonts/cm
/cmr8.pfb></usr/local/texlive/2020/texmf-dist/fonts/type1/public/amsfonts/cm/cm
r9.pfb></usr/local/texlive/2020/texmf-dist/fonts/type1/public/amsfonts/cm/cmsy6
.pfb></usr/local/texlive/2020/texmf-dist/fonts/type1/public/amsfonts/cm/cmsy9.p
fb></usr/local/texlive/2020/texmf-dist/fonts/type1/public/amsfonts/cm/cmti10.pf
b></usr/local/texlive/2020/texmf-dist/fonts/type1/public/amsfonts/cm/cmti8.pfb>
</usr/local/texlive/2020/texmf-dist/fonts/type1/public/amsfonts/cm/cmti9.pfb></
usr/local/texlive/2020/texmf-dist/fonts/type1/public/amsfonts/cm/cmtt9.pfb></us
r/local/texlive/2020/texmf-dist/fonts/type1/public/amsfonts/euler/eurm10.pfb>
Output written on biomsample_bib.pdf (8 pages, 262774 bytes).
PDF statistics:
 118 PDF objects out of 1000 (max. 8388607)
 85 compressed objects within 1 object stream
 0 named destinations out of 1000 (max. 500000)
 6 words of extra memory for PDF output out of 10000 (max. 10000000)

